GROUP,PACKAGE,CLASS,INSTRUCTION_MISSED,INSTRUCTION_COVERED,BRANCH_MISSED,BRANCH_COVERED,LINE_MISSED,LINE_COVERED,COMPLEXITY_MISSED,COMPLEXITY_COVERED,METHOD_MISSED,METHOD_COVERED
core-api,com.tesis.ecommerce.coreapi.domain.model,Cart,37,55,0,0,1,11,7,11,7,11
core-api,com.tesis.ecommerce.coreapi.domain.model,Product,32,78,0,0,1,14,8,11,8,11
core-api,com.tesis.ecommerce.coreapi.domain.model,OutboxEvent.OutboxEventBuilder,38,48,3,3,0,1,7,4,4,4
core-api,com.tesis.ecommerce.coreapi.domain.model,Listing.ListingBuilder,26,110,0,8,0,1,1,15,1,11
core-api,com.tesis.ecommerce.coreapi.domain.model,OutboxEvent,38,38,0,0,4,5,8,8,8,8
core-api,com.tesis.ecommerce.coreapi.domain.model,Listing.ListingStatus,0,9,0,0,0,2,0,1,0,1
core-api,com.tesis.ecommerce.coreapi.domain.model,CheckoutRequest,11,99,0,0,1,11,3,20,3,20
core-api,com.tesis.ecommerce.coreapi.domain.model,CheckoutRequest.CheckoutStatus,0,21,0,0,0,2,0,1,0,1
core-api,com.tesis.ecommerce.coreapi.domain.model,Cart.CartBuilder,33,66,2,6,0,1,5,7,3,5
core-api,com.tesis.ecommerce.coreapi.domain.model,User,20,66,0,0,0,10,5,13,5,13
core-api,com.tesis.ecommerce.coreapi.domain.model,CartItem,32,58,0,0,1,10,7,11,7,11
core-api,com.tesis.ecommerce.coreapi.domain.model,Listing,51,69,0,0,2,11,10,15,10,15
core-api,com.tesis.ecommerce.coreapi.domain.model,User.UserBuilder,24,71,1,5,0,1,3,9,2,7
core-api,com.tesis.ecommerce.coreapi.domain.model,CheckoutRequest.CheckoutRequestBuilder,50,79,3,5,0,1,7,8,4,7
core-api,com.tesis.ecommerce.coreapi.domain.model,Product.ProductBuilder,26,58,0,0,0,1,2,9,2,9
core-api,com.tesis.ecommerce.coreapi.domain.model,CartItem.CartItemBuilder,27,61,1,3,0,1,3,8,2,7
core-api,com.tesis.ecommerce.coreapi.infrastructure.adapter.in.web.controller,CartController,73,0,0,0,18,0,5,0,5,0
core-api,com.tesis.ecommerce.coreapi.infrastructure.adapter.in.web.controller,AuthController,50,0,0,0,12,0,4,0,4,0
core-api,com.tesis.ecommerce.coreapi.infrastructure.adapter.in.web.controller,CheckoutController,33,0,0,0,9,0,3,0,3,0
core-api,com.tesis.ecommerce.coreapi.infrastructure.adapter.in.web.controller,ProductController,24,0,0,0,8,0,3,0,3,0
core-api,com.tesis.ecommerce.coreapi.infrastructure.adapter.in.web.controller,ListingController,45,0,0,0,14,0,4,0,4,0
core-api,com.tesis.ecommerce.coreapi.infrastructure.adapter.out.persistence,CartRepositoryAdapter,25,0,0,0,7,0,4,0,4,0
core-api,com.tesis.ecommerce.coreapi.infrastructure.adapter.out.persistence,ProductRepositoryAdapter,26,0,0,0,7,0,5,0,5,0
core-api,com.tesis.ecommerce.coreapi.infrastructure.adapter.out.persistence,UserRepositoryAdapter,27,0,0,0,7,0,5,0,5,0
core-api,com.tesis.ecommerce.coreapi.infrastructure.adapter.out.persistence,ListingRepositoryAdapter,33,0,2,0,10,0,5,0,4,0
core-api,com.tesis.ecommerce.coreapi.infrastructure.adapter.out.persistence,CheckoutRepositoryAdapter,25,0,0,0,7,0,4,0,4,0
core-api,com.tesis.ecommerce.coreapi.infrastructure.adapter.out.persistence,CartItemRepositoryAdapter,22,0,0,0,7,0,4,0,4,0
core-api,com.tesis.ecommerce.coreapi,CoreApiApplication,8,0,0,0,3,0,2,0,2,0
core-api,com.tesis.ecommerce.coreapi.infrastructure.adapter.in.messaging.dto,CheckoutCompletedEvent,173,0,30,0,7,0,28,0,13,0
core-api,com.tesis.ecommerce.coreapi.infrastructure.adapter.in.messaging.dto,CheckoutFailedEvent,216,0,38,0,8,0,34,0,15,0
core-api,com.tesis.ecommerce.coreapi.infrastructure.adapter.in.messaging.dto,CheckoutCompletedEvent.CheckoutCompletedEventBuilder,38,0,0,0,1,0,6,0,6,0
core-api,com.tesis.ecommerce.coreapi.infrastructure.adapter.in.messaging.dto,CheckoutFailedEvent.CheckoutFailedEventBuilder,47,0,0,0,1,0,7,0,7,0
core-api,com.tesis.ecommerce.coreapi.application.usecase,GetCartUseCase,5,45,0,0,0,14,1,3,1,3
core-api,com.tesis.ecommerce.coreapi.application.usecase,LoginUseCase,0,60,0,2,0,16,0,4,0,3
core-api,com.tesis.ecommerce.coreapi.application.usecase,GetCurrentUserUseCase,0,27,0,0,0,7,0,3,0,3
core-api,com.tesis.ecommerce.coreapi.application.usecase,CreateListingUseCase,2,52,1,1,0,16,1,3,0,3
core-api,com.tesis.ecommerce.coreapi.application.usecase,GetProductsUseCase,0,24,0,0,0,7,0,2,0,2
core-api,com.tesis.ecommerce.coreapi.application.usecase,UpdateCartItemUseCase,5,61,0,4,0,16,1,4,1,2
core-api,com.tesis.ecommerce.coreapi.application.usecase,CheckoutUseCase,5,84,0,2,0,25,1,4,1,3
core-api,com.tesis.ecommerce.coreapi.application.usecase,GetProductByIdUseCase,27,0,0,0,7,0,3,0,3,0
core-api,com.tesis.ecommerce.coreapi.application.usecase,RegisterUseCase,0,65,0,2,0,21,0,3,0,2
core-api,com.tesis.ecommerce.coreapi.application.usecase,GetListingByIdUseCase,27,0,0,0,7,0,3,0,3,0
core-api,com.tesis.ecommerce.coreapi.application.usecase,AddCartItemUseCase,5,102,0,2,0,29,1,5,1,4
core-api,com.tesis.ecommerce.coreapi.application.usecase,GetListingsUseCase,0,24,0,0,0,7,0,2,0,2
core-api,com.tesis.ecommerce.coreapi.application.usecase,GetCheckoutRequestUseCase,0,27,0,0,0,7,0,3,0,3
core-api,com.tesis.ecommerce.coreapi.application.usecase,DeleteCartItemUseCase,5,54,0,2,0,14,1,3,1,2
core-api,com.tesis.ecommerce.coreapi.infrastructure.adapter.in.messaging,CheckoutEventConsumer,114,0,0,0,26,0,6,0,6,0
core-api,com.tesis.ecommerce.coreapi.infrastructure.config,OutboxPollingScheduler,87,0,4,0,21,0,5,0,3,0
core-api,com.tesis.ecommerce.coreapi.infrastructure.config,JacksonConfig,7,0,0,0,2,0,2,0,2,0
core-api,com.tesis.ecommerce.coreapi.infrastructure.config,OpenApiConfig,25,0,0,0,9,0,2,0,2,0
core-api,com.tesis.ecommerce.coreapi.infrastructure.config,SecurityConfig,169,0,0,0,25,0,7,0,7,0
core-api,com.tesis.ecommerce.coreapi.infrastructure.config,RabbitMqConfig,97,0,0,0,35,0,12,0,12,0
core-api,com.tesis.ecommerce.coreapi.infrastructure.config,JwtAuthenticationFilter,58,0,8,0,15,0,7,0,3,0
core-api,com.tesis.ecommerce.coreapi.infrastructure.adapter.out.security,PasswordEncoderAdapter,0,19,0,0,0,4,0,3,0,3
core-api,com.tesis.ecommerce.coreapi.infrastructure.adapter.out.security,JwtProviderAdapter,0,85,0,0,0,29,0,6,0,6
core-api,com.tesis.ecommerce.coreapi.infrastructure.adapter.in.web.dto,CartDTO,24,36,0,0,2,6,5,6,5,6
core-api,com.tesis.ecommerce.coreapi.infrastructure.adapter.in.web.dto,CreateListingRequest.CreateListingRequestBuilder,46,0,0,0,1,0,7,0,7,0
core-api,com.tesis.ecommerce.coreapi.infrastructure.adapter.in.web.dto,AddCartItemRequest.AddCartItemRequestBuilder,28,0,0,0,1,0,5,0,5,0
core-api,com.tesis.ecommerce.coreapi.infrastructure.adapter.in.web.dto,CreateCheckoutRequest,20,0,0,0,5,0,5,0,5,0
core-api,com.tesis.ecommerce.coreapi.infrastructure.adapter.in.web.dto,UpdateCartItemRequest.UpdateCartItemRequestBuilder,18,0,0,0,1,0,4,0,4,0
core-api,com.tesis.ecommerce.coreapi.infrastructure.adapter.in.web.dto,CheckoutRequestDTO,19,31,0,0,2,6,5,6,5,6
core-api,com.tesis.ecommerce.coreapi.infrastructure.adapter.in.web.dto,ProductDTO,31,49,0,0,2,9,8,9,8,9
core-api,com.tesis.ecommerce.coreapi.infrastructure.adapter.in.web.dto,ProductDTO.ProductDTOBuilder,18,56,0,0,0,1,1,9,1,9
core-api,com.tesis.ecommerce.coreapi.infrastructure.adapter.in.web.dto,UserDTO,19,31,0,0,2,6,5,6,5,6
core-api,com.tesis.ecommerce.coreapi.infrastructure.adapter.in.web.dto,CartDTO.CartDTOBuilder,14,35,0,0,0,1,1,6,1,6
core-api,com.tesis.ecommerce.coreapi.infrastructure.adapter.in.web.dto,CreateCheckoutRequest.CreateCheckoutRequestBuilder,19,0,0,0,1,0,4,0,4,0
core-api,com.tesis.ecommerce.coreapi.infrastructure.adapter.in.web.dto,AddCartItemRequest,30,0,0,0,6,0,7,0,7,0
core-api,com.tesis.ecommerce.coreapi.infrastructure.adapter.in.web.dto,UpdateCartItemRequest,20,0,0,0,5,0,5,0,5,0
core-api,com.tesis.ecommerce.coreapi.infrastructure.adapter.in.web.dto,UserDTO.UserDTOBuilder,11,35,0,0,0,1,1,6,1,6
core-api,com.tesis.ecommerce.coreapi.infrastructure.adapter.in.web.dto,AuthLoginRequest.AuthLoginRequestBuilder,27,0,0,0,1,0,5,0,5,0
core-api,com.tesis.ecommerce.coreapi.infrastructure.adapter.in.web.dto,CheckoutRequestDTO.CheckoutRequestDTOBuilder,13,35,0,0,0,1,1,6,1,6
core-api,com.tesis.ecommerce.coreapi.infrastructure.adapter.in.web.dto,AuthRegisterRequest,40,0,0,0,7,0,9,0,9,0
core-api,com.tesis.ecommerce.coreapi.infrastructure.adapter.in.web.dto,AuthLoginRequest,30,0,0,0,6,0,7,0,7,0
core-api,com.tesis.ecommerce.coreapi.infrastructure.adapter.in.web.dto,CartItemDTO.CartItemDTOBuilder,19,49,0,0,0,1,1,8,1,8
core-api,com.tesis.ecommerce.coreapi.infrastructure.adapter.in.web.dto,CartItemDTO,33,37,0,0,4,6,9,6,9,6
core-api,com.tesis.ecommerce.coreapi.infrastructure.adapter.in.web.dto,AuthResponse.AuthResponseBuilder,7,21,0,0,0,1,1,4,1,4
core-api,com.tesis.ecommerce.coreapi.infrastructure.adapter.in.web.dto,AuthResponse,11,19,0,0,2,4,3,4,3,4
core-api,com.tesis.ecommerce.coreapi.infrastructure.adapter.in.web.dto,ListingDTO.ListingDTOBuilder,23,70,0,0,0,1,1,11,1,11
core-api,com.tesis.ecommerce.coreapi.infrastructure.adapter.in.web.dto,CreateListingRequest,50,0,0,0,8,0,11,0,11,0
core-api,com.tesis.ecommerce.coreapi.infrastructure.adapter.in.web.dto,ListingDTO,39,61,0,0,2,11,10,11,10,11
core-api,com.tesis.ecommerce.coreapi.infrastructure.adapter.in.web.dto,AuthRegisterRequest.AuthRegisterRequestBuilder,36,0,0,0,1,0,6,0,6,0
core-api,com.tesis.ecommerce.coreapi.infrastructure.adapter.out.messaging,EventPublisherAdapter,168,0,0,0,46,0,5,0,5,0
core-api,com.tesis.ecommerce.coreapi.application.mapper,ListingMapper,5,56,4,6,1,13,4,3,0,2
core-api,com.tesis.ecommerce.coreapi.application.mapper,CartMapper,0,62,0,4,0,23,0,5,0,3
core-api,com.tesis.ecommerce.coreapi.application.mapper,CheckoutMapper,0,24,0,2,0,9,0,3,0,2
core-api,com.tesis.ecommerce.coreapi.application.mapper,UserMapper,0,41,0,4,0,17,0,5,0,3
core-api,com.tesis.ecommerce.coreapi.application.mapper,ProductMapper,0,59,0,4,0,23,0,5,0,3
core-api,com.tesis.ecommerce.coreapi.infrastructure.adapter.in.web.exception,ErrorResponse,21,0,0,0,4,0,4,0,4,0
core-api,com.tesis.ecommerce.coreapi.infrastructure.adapter.in.web.exception,GlobalExceptionHandler,95,0,0,0,29,0,8,0,8,0
